<?xml version="1.0" encoding="utf-8"?><testsuites name="pytest tests"><testsuite name="pytest" errors="0" failures="3" skipped="0" tests="4" time="4.372" timestamp="2026-03-09T08:39:51.325339+07:00" hostname="lukmee_com"><testcase classname="tests.test_main" name="test_read_root" time="0.020" /><testcase classname="tests.test_main" name="test_get_user_me_creates_default" time="0.005"><failure message="assert 401 == 200&#10; +  where 401 = &lt;Response [401 Unauthorized]&gt;.status_code">def test_get_user_me_creates_default():
        # Test that getting /users/me creates the demo user if not exists
        response = client.get("/users/me")
&gt;       assert response.status_code == 200
E       assert 401 == 200
E        +  where 401 = &lt;Response [401 Unauthorized]&gt;.status_code

tests\test_main.py:50: AssertionError</failure></testcase><testcase classname="tests.test_main" name="test_update_user_me" time="0.005"><failure message="assert 401 == 200&#10; +  where 401 = &lt;Response [401 Unauthorized]&gt;.status_code">def test_update_user_me():
        # Update user profile
        updates = {
            "full_name": "Updated Name",
            "institution": "Updated Hospital"
        }
        response = client.put("/users/me", json=updates)
&gt;       assert response.status_code == 200
E       assert 401 == 200
E        +  where 401 = &lt;Response [401 Unauthorized]&gt;.status_code

tests\test_main.py:62: AssertionError</failure></testcase><testcase classname="tests.test_main" name="test_read_batches_empty" time="0.007"><failure message="assert 401 == 200&#10; +  where 401 = &lt;Response [401 Unauthorized]&gt;.status_code">def test_read_batches_empty():
        response = client.get("/batches")
&gt;       assert response.status_code == 200
E       assert 401 == 200
E        +  where 401 = &lt;Response [401 Unauthorized]&gt;.status_code

tests\test_main.py:73: AssertionError</failure></testcase></testsuite></testsuites>